<?xml version='1.0' encoding='UTF-8'?>
<testsuite hostname="PC-LIS" name="controllers.HomeControllerSpec" tests="10" errors="0" failures="1" skipped="0" time="3.392">
                     <properties>
[...]
</properties>
                     <testcase classname="controllers.HomeControllerSpec" name="HomeController GET should Test service /codebreaker/5276" time="2.421">
                                                 <failure message="org.scalatest.exceptions.TestFailedException: &quot;

&lt;!DOCTYPE html&gt;
&lt;html lang=&quot;en&quot;&gt;
    &lt;head&gt;
        
        &lt;title&gt;Welcome to Play&lt;/title&gt;
        &lt;link rel=&quot;stylesheet&quot; media=&quot;screen&quot; href=&quot;/assets/stylesheets/main.css&quot;&gt;
        &lt;link rel=&quot;shortcut icon&quot; type=&quot;image/png&quot; href=&quot;/assets/images/favicon.png&quot;&gt;

    &lt;/head&gt;
    &lt;body&gt;
        
        
  &lt;h1&gt;Welcome to Play!&lt;/h1&gt;


      &lt;script src=&quot;/assets/javascripts/main.js&quot; type=&quot;text/javascript&quot;&gt;&lt;/script&gt;
    &lt;/body&gt;
&lt;/html&gt;

&quot; did not include substring &quot;X__&quot;" type="sbt.ForkMain$ForkError">sbt.ForkMain$ForkError: org.scalatest.exceptions.TestFailedException: &quot;

&lt;!DOCTYPE html&gt;
&lt;html lang=&quot;en&quot;&gt;
    &lt;head&gt;
        
        &lt;title&gt;Welcome to Play&lt;/title&gt;
        &lt;link rel=&quot;stylesheet&quot; media=&quot;screen&quot; href=&quot;/assets/stylesheets/main.css&quot;&gt;
        &lt;link rel=&quot;shortcut icon&quot; type=&quot;image/png&quot; href=&quot;/assets/images/favicon.png&quot;&gt;

    &lt;/head&gt;
    &lt;body&gt;
        
        
  &lt;h1&gt;Welcome to Play!&lt;/h1&gt;


      &lt;script src=&quot;/assets/javascripts/main.js&quot; type=&quot;text/javascript&quot;&gt;&lt;/script&gt;
    &lt;/body&gt;
&lt;/html&gt;

&quot; did not include substring &quot;X__&quot;
	at org.scalatest.MatchersHelper$.indicateFailure(MatchersHelper.scala:340)
	at org.scalatest.MustMatchers$MustMethodHelper$.mustMatcher(MustMatchers.scala:6668)
	at org.scalatest.MustMatchers$AnyMustWrapper.must(MustMatchers.scala:6704)
	at controllers.HomeControllerSpec.$anonfun$new$2(HomeControllerSpec.scala:26)
	at org.scalatest.OutcomeOf.outcomeOf(OutcomeOf.scala:85)
	at org.scalatest.OutcomeOf.outcomeOf$(OutcomeOf.scala:83)
	at org.scalatest.OutcomeOf$.outcomeOf(OutcomeOf.scala:104)
	at org.scalatest.Transformer.apply(Transformer.scala:22)
	at org.scalatest.Transformer.apply(Transformer.scala:20)
	at org.scalatest.WordSpecLike$$anon$1.apply(WordSpecLike.scala:1078)
	at org.scalatest.TestSuite.withFixture(TestSuite.scala:196)
	at org.scalatest.TestSuite.withFixture$(TestSuite.scala:195)
	at controllers.HomeControllerSpec.org$scalatestplus$play$BaseOneAppPerTest$$super$withFixture(HomeControllerSpec.scala:16)
	at org.scalatestplus.play.BaseOneAppPerTest.$anonfun$withFixture$1(BaseOneAppPerTest.scala:75)
	at play.api.test.PlayRunners.$anonfun$running$2(Helpers.scala:75)
	at play.api.test.PlayRunners.runSynchronized(Helpers.scala:52)
	at play.api.test.PlayRunners.runSynchronized$(Helpers.scala:48)
	at play.api.test.Helpers$.runSynchronized(Helpers.scala:604)
	at play.api.test.PlayRunners.running(Helpers.scala:73)
	at play.api.test.PlayRunners.running$(Helpers.scala:71)
	at play.api.test.Helpers$.running(Helpers.scala:604)
	at org.scalatestplus.play.BaseOneAppPerTest.withFixture(BaseOneAppPerTest.scala:75)
	at org.scalatestplus.play.BaseOneAppPerTest.withFixture$(BaseOneAppPerTest.scala:72)
	at controllers.HomeControllerSpec.withFixture(HomeControllerSpec.scala:16)
	at org.scalatest.WordSpecLike.invokeWithFixture$1(WordSpecLike.scala:1076)
	at org.scalatest.WordSpecLike.$anonfun$runTest$1(WordSpecLike.scala:1088)
	at org.scalatest.SuperEngine.runTestImpl(Engine.scala:289)
	at org.scalatest.WordSpecLike.runTest(WordSpecLike.scala:1088)
	at org.scalatest.WordSpecLike.runTest$(WordSpecLike.scala:1070)
	at org.scalatest.WordSpec.runTest(WordSpec.scala:1881)
	at org.scalatest.WordSpecLike.$anonfun$runTests$1(WordSpecLike.scala:1147)
	at org.scalatest.SuperEngine.$anonfun$runTestsInBranch$1(Engine.scala:396)
	at scala.collection.immutable.List.foreach(List.scala:389)
	at org.scalatest.SuperEngine.traverseSubNodes$1(Engine.scala:384)
	at org.scalatest.SuperEngine.runTestsInBranch(Engine.scala:373)
	at org.scalatest.SuperEngine.$anonfun$runTestsInBranch$1(Engine.scala:410)
	at scala.collection.immutable.List.foreach(List.scala:389)
	at org.scalatest.SuperEngine.traverseSubNodes$1(Engine.scala:384)
	at org.scalatest.SuperEngine.runTestsInBranch(Engine.scala:379)
	at org.scalatest.SuperEngine.runTestsImpl(Engine.scala:461)
	at org.scalatest.WordSpecLike.runTests(WordSpecLike.scala:1147)
	at org.scalatest.WordSpecLike.runTests$(WordSpecLike.scala:1146)
	at org.scalatest.WordSpec.runTests(WordSpec.scala:1881)
	at org.scalatest.Suite.run(Suite.scala:1147)
	at org.scalatest.Suite.run$(Suite.scala:1129)
	at org.scalatest.WordSpec.org$scalatest$WordSpecLike$$super$run(WordSpec.scala:1881)
	at org.scalatest.WordSpecLike.$anonfun$run$1(WordSpecLike.scala:1192)
	at org.scalatest.SuperEngine.runImpl(Engine.scala:521)
	at org.scalatest.WordSpecLike.run(WordSpecLike.scala:1192)
	at org.scalatest.WordSpecLike.run$(WordSpecLike.scala:1190)
	at org.scalatest.WordSpec.run(WordSpec.scala:1881)
	at org.scalatest.tools.Framework.org$scalatest$tools$Framework$$runSuite(Framework.scala:314)
	at org.scalatest.tools.Framework$ScalaTestTask.execute(Framework.scala:507)
	at sbt.ForkMain$Run$2.call(ForkMain.java:301)
	at sbt.ForkMain$Run$2.call(ForkMain.java:291)
	at java.util.concurrent.FutureTask.run(FutureTask.java:266)
	at java.util.concurrent.ThreadPoolExecutor.runWorker(ThreadPoolExecutor.java:1149)
	at java.util.concurrent.ThreadPoolExecutor$Worker.run(ThreadPoolExecutor.java:624)
	at java.lang.Thread.run(Thread.java:748)
</failure>
                                               </testcase><testcase classname="controllers.HomeControllerSpec" name="HomeController GET should Test Hola Mundo ('Pilar') From Unit" time="0.223">
                                                 
                                               </testcase><testcase classname="controllers.HomeControllerSpec" name="HomeController GET should Test CodeBreaker (5623) From Unit" time="0.105">
                                                 
                                               </testcase><testcase classname="controllers.HomeControllerSpec" name="HomeController GET should Test CodeBreaker (2365) From Unit" time="0.098">
                                                 
                                               </testcase><testcase classname="controllers.HomeControllerSpec" name="HomeController GET should Test CodeBreaker (1497) From Unit" time="0.12">
                                                 
                                               </testcase><testcase classname="controllers.HomeControllerSpec" name="HomeController GET should Test CodeBreaker (5607) From Unit" time="0.075">
                                                 
                                               </testcase><testcase classname="controllers.HomeControllerSpec" name="HomeController GET should Test CodeBreaker (5287) From Unit" time="0.097">
                                                 
                                               </testcase><testcase classname="controllers.HomeControllerSpec" name="HomeController GET should Test CodeBreaker (2583) From Unit" time="0.102">
                                                 
                                               </testcase><testcase classname="controllers.HomeControllerSpec" name="HomeController GET should Test CodeBreaker (334433) From Unit" time="0.08">
                                                 
                                               </testcase><testcase classname="controllers.HomeControllerSpec" name="HomeController GET should Test CodeBreaker (3333) From Unit" time="0.071">
                                                 
                                               </testcase>
                     <system-out><![CDATA[]]></system-out>
                     <system-err><![CDATA[]]></system-err>
                   </testsuite>