[0m[[0m[0mdebug[0m] [0m[0mjavaOptions: Vector()[0m
[0m[[0m[0mdebug[0m] [0m[0mForking tests - parallelism = false[0m
[0m[[0m[0mdebug[0m] [0m[0mCreate a single-thread test executor[0m
[0m[[0m[0mdebug[0m] [0m[0mRunner for org.scalatest.tools.Framework produced 1 initial tasks for 1 tests.[0m
[0m[[0m[0mdebug[0m] [0m[0m  Running TaskDef(controllers.HomeControllerSpec, sbt.ForkMain$SubclassFingerscan@11bfb3ca, false, [SuiteSelector])[0m
[0m[[0m[0minfo[0m] [0m[0m[32mHomeControllerSpec:[0m[0m
[0m[[0m[0minfo[0m] [0m[0m[32mHomeController GET[0m[0m
[0m[[0m[0minfo[0m] [0m[0m[31m- should Test service /codebreaker/5276 *** FAILED ***[0m[0m
[0m[[0m[0minfo[0m] [0m[0m[31m  "[0m[0m
[0m[[0m[0minfo[0m] [0m[0m  [0m
[0m[[0m[0minfo[0m] [0m[0m[31m  <!DOCTYPE html>[0m[0m
[0m[[0m[0minfo[0m] [0m[0m[31m  <html lang="en">[0m[0m
[0m[[0m[0minfo[0m] [0m[0m[31m      <head>[0m[0m
[0m[[0m[0minfo[0m] [0m[0m          [0m
[0m[[0m[0minfo[0m] [0m[0m[31m          <title>Welcome to Play</title>[0m[0m
[0m[[0m[0minfo[0m] [0m[0m[31m          <link rel="stylesheet" media="screen" href="/assets/stylesheets/main.css">[0m[0m
[0m[[0m[0minfo[0m] [0m[0m[31m          <link rel="shortcut icon" type="image/png" href="/assets/images/favicon.png">[0m[0m
[0m[[0m[0minfo[0m] [0m[0m  [0m
[0m[[0m[0minfo[0m] [0m[0m[31m      </head>[0m[0m
[0m[[0m[0minfo[0m] [0m[0m[31m      <body>[0m[0m
[0m[[0m[0minfo[0m] [0m[0m          [0m
[0m[[0m[0minfo[0m] [0m[0m          [0m
[0m[[0m[0minfo[0m] [0m[0m[31m    <h1>Welcome to Play!</h1>[0m[0m
[0m[[0m[0minfo[0m] [0m[0m  [0m
[0m[[0m[0minfo[0m] [0m[0m  [0m
[0m[[0m[0minfo[0m] [0m[0m[31m        <script src="/assets/javascripts/main.js" type="text/javascript"></script>[0m[0m
[0m[[0m[0minfo[0m] [0m[0m[31m      </body>[0m[0m
[0m[[0m[0minfo[0m] [0m[0m[31m  </html>[0m[0m
[0m[[0m[0minfo[0m] [0m[0m  [0m
[0m[[0m[0minfo[0m] [0m[0m[31m  " did not include substring "X__" (HomeControllerSpec.scala:26)[0m[0m
[0m[[0m[0minfo[0m] [0m[0m[32m- should Test Hola Mundo ('Pilar') From Unit[0m[0m
[0m[[0m[0minfo[0m] [0m[0m[32m- should Test CodeBreaker (5623) From Unit[0m[0m
[0m[[0m[0minfo[0m] [0m[0m[32m- should Test CodeBreaker (2365) From Unit[0m[0m
[0m[[0m[0minfo[0m] [0m[0m[32m- should Test CodeBreaker (1497) From Unit[0m[0m
[0m[[0m[0minfo[0m] [0m[0m[32m- should Test CodeBreaker (5607) From Unit[0m[0m
[0m[[0m[0minfo[0m] [0m[0m[32m- should Test CodeBreaker (5287) From Unit[0m[0m
[0m[[0m[0minfo[0m] [0m[0m[32m- should Test CodeBreaker (2583) From Unit[0m[0m
[0m[[0m[0minfo[0m] [0m[0m[32m- should Test CodeBreaker (334433) From Unit[0m[0m
[0m[[0m[0minfo[0m] [0m[0m[32m- should Test CodeBreaker (3333) From Unit[0m[0m
[0m[[0m[0mdebug[0m] [0m[0m    Produced 0 nested tasks and 10 events.[0m
[0m[[0m[0mdebug[0m] [0m[0mRunner for com.novocode.junit.JUnitFramework produced 0 initial tasks for 0 tests.[0m
[0m[[0m[0minfo[0m] [0m[0mScalaTest[0m
[0m[[0m[0minfo[0m] [0m[0m[36mRun completed in 5 seconds, 246 milliseconds.[0m[0m
[0m[[0m[0minfo[0m] [0m[0m[36mTotal number of tests run: 10[0m[0m
[0m[[0m[0minfo[0m] [0m[0m[36mSuites: completed 1, aborted 0[0m[0m
[0m[[0m[0minfo[0m] [0m[0m[36mTests: succeeded 9, failed 1, canceled 0, ignored 0, pending 0[0m[0m
[0m[[0m[0minfo[0m] [0m[0m[31m*** 1 TEST FAILED ***[0m[0m
[0m[[0m[0mdebug[0m] [0m[0mSummary for JUnit not available.[0m
[0m[[0m[31merror[0m] [0m[0mFailed: Total 10, Failed 1, Errors 0, Passed 9[0m
[0m[[0m[31merror[0m] [0m[0mFailed tests:[0m
[0m[[0m[31merror[0m] [0m[0m	controllers.HomeControllerSpec[0m
[0m[[0m[31merror[0m] [0m[0m(Test / [31mtest[0m) sbt.TestsFailedException: Tests unsuccessful[0m
